2024-04-19 19:27:12,223 - INFO - root - Table data loaded successfully.
2024-04-19 19:27:27,567 - INFO - root - Student added successfully.
2024-04-19 19:27:29,818 - INFO - root - Table data loaded successfully.
2024-04-19 19:39:36,833 - INFO - root - Table data loaded successfully.
2024-04-19 19:42:52,158 - INFO - root - Table data loaded successfully.
2024-04-19 20:00:13,032 - INFO - root - Table data loaded successfully.
2024-04-19 20:00:30,552 - INFO - root - Student added successfully.
2024-04-19 20:00:31,896 - INFO - root - Table data loaded successfully.
2024-04-19 20:05:23,715 - INFO - root - Table data loaded successfully.
2024-04-19 20:05:31,060 - INFO - root - Student found successfully.
2024-04-19 20:07:54,166 - INFO - root - Table data loaded successfully.
2024-04-19 20:07:58,964 - INFO - root - Student found successfully.
2024-04-19 20:08:40,484 - INFO - root - Table data loaded successfully.
2024-04-19 20:08:46,007 - INFO - root - Student found successfully.
2024-04-19 20:22:43,702 - INFO - root - Table data loaded successfully.
2024-04-19 20:22:50,225 - INFO - root - Student found successfully.
2024-04-19 20:24:42,438 - INFO - root - Table data loaded successfully.
2024-04-19 20:24:47,628 - INFO - root - Student found successfully.
2024-04-19 20:25:11,327 - INFO - root - Table data loaded successfully.
2024-04-19 20:25:22,125 - INFO - root - Student found successfully.
2024-04-19 20:33:12,889 - INFO - root - Table data loaded successfully.
2024-04-19 20:33:20,467 - INFO - root - Student found and highlighted successfully.
2024-04-19 20:40:31,443 - INFO - root - Table data loaded successfully.
2024-04-19 20:40:51,155 - INFO - root - Student found and highlighted successfully.
2024-04-19 20:41:30,410 - INFO - root - Student added successfully.
2024-04-19 20:41:33,155 - INFO - root - Table data loaded successfully.
2024-04-19 20:44:37,288 - INFO - root - Table data loaded successfully.
2024-04-19 20:44:50,602 - INFO - root - Table data loaded successfully.
2024-04-19 20:44:50,603 - INFO - root - Student added successfully.
2024-04-19 20:53:27,967 - INFO - root - Table data loaded successfully.
2024-04-19 20:53:38,050 - INFO - root - Student found and highlighted successfully.
2024-04-19 20:54:57,053 - INFO - root - Table data loaded successfully.
2024-04-19 20:55:09,939 - INFO - root - Table data loaded successfully.
2024-04-19 20:55:09,939 - INFO - root - Student added successfully.
2024-04-19 20:58:21,478 - INFO - root - Table data loaded successfully.
2024-04-19 20:58:59,010 - INFO - root - Table data loaded successfully.
2024-04-19 20:59:06,413 - INFO - root - Student found and highlighted successfully.
2024-04-19 21:01:25,450 - INFO - root - Table data loaded successfully.
2024-04-19 21:04:17,468 - INFO - root - Table data loaded successfully.
2024-04-19 21:05:48,251 - INFO - root - Table data loaded successfully.
2024-04-19 21:06:49,498 - INFO - root - Table data loaded successfully.
2024-04-19 21:07:07,584 - INFO - root - Table data loaded successfully.
2024-04-19 21:07:12,263 - INFO - root - Student found and highlighted successfully.
2024-04-20 12:10:04,602 - INFO - root - Table data loaded successfully.
2024-04-20 12:10:11,970 - INFO - root - Student found and highlighted successfully.
2024-04-20 13:51:50,969 - INFO - root - Table data loaded successfully.
2024-04-20 13:52:56,780 - INFO - root - Table data loaded successfully.
2024-04-20 13:56:39,786 - INFO - root - Table data loaded successfully.
2024-04-20 13:58:45,773 - INFO - root - Table data loaded successfully.
2024-04-20 14:01:31,526 - INFO - root - Table data loaded successfully.
2024-04-20 14:02:22,177 - INFO - root - Table data loaded successfully.
2024-04-20 14:03:24,938 - INFO - root - Table data loaded successfully.
2024-04-20 14:08:07,490 - INFO - root - Table data loaded successfully.
2024-04-20 14:13:25,019 - INFO - root - Table data loaded successfully.
2024-04-20 14:14:01,724 - INFO - root - Table data loaded successfully.
2024-04-20 14:19:13,158 - INFO - root - Table data loaded successfully.
2024-04-20 14:20:44,406 - INFO - root - Table data loaded successfully.
2024-04-20 14:23:54,490 - INFO - root - Table data loaded successfully.
2024-04-20 14:29:05,669 - INFO - root - Table data loaded successfully.
2024-04-20 14:29:40,629 - INFO - root - Table data loaded successfully.
2024-04-20 14:31:27,477 - INFO - root - Table data loaded successfully.
2024-04-20 14:32:25,502 - INFO - root - Table data loaded successfully.
2024-04-20 14:32:25,503 - INFO - root - Student added successfully.
2024-04-20 14:38:08,740 - INFO - root - Table data loaded successfully.
2024-04-20 14:38:26,262 - INFO - root - Table data loaded successfully.
2024-04-20 14:38:26,262 - INFO - root - Student added successfully.
2024-04-20 14:38:29,011 - INFO - root - Table data loaded successfully.
2024-04-20 14:38:29,012 - INFO - root - Student added successfully.
2024-04-20 14:38:36,533 - INFO - root - Table data loaded successfully.
2024-04-20 14:38:36,533 - INFO - root - Student added successfully.
2024-04-20 14:38:43,771 - INFO - root - Table data loaded successfully.
2024-04-20 14:38:43,771 - INFO - root - Student added successfully.
2024-04-20 14:39:11,849 - INFO - root - Table data loaded successfully.
2024-04-20 14:41:08,639 - INFO - root - Table data loaded successfully.
2024-04-20 14:41:28,857 - INFO - root - Table data loaded successfully.
2024-04-20 14:41:38,995 - INFO - root - Table data loaded successfully.
2024-04-20 14:42:07,009 - INFO - root - Table data loaded successfully.
2024-04-20 14:42:22,564 - INFO - root - Table data loaded successfully.
2024-04-20 14:42:40,924 - INFO - root - Table data loaded successfully.
2024-04-20 14:42:58,071 - INFO - root - Table data loaded successfully.
2024-04-20 14:43:10,078 - INFO - root - Table data loaded successfully.
2024-04-20 14:43:23,382 - INFO - root - Table data loaded successfully.
2024-04-20 14:43:53,361 - INFO - root - Table data loaded successfully.
2024-04-20 14:44:11,124 - INFO - root - Table data loaded successfully.
2024-04-20 14:44:25,997 - INFO - root - Table data loaded successfully.
2024-04-20 14:45:59,789 - INFO - root - Table data loaded successfully.
2024-04-20 14:46:33,985 - INFO - root - Table data loaded successfully.
2024-04-20 14:47:18,920 - INFO - root - Table data loaded successfully.
2024-04-20 14:47:51,446 - INFO - root - Table data loaded successfully.
2024-04-20 14:49:05,683 - INFO - root - Table data loaded successfully.
2024-04-20 14:49:05,683 - INFO - root - Student added successfully.
2024-04-20 14:50:46,032 - INFO - root - Table data loaded successfully.
2024-04-20 14:50:59,177 - INFO - root - Table data loaded successfully.
2024-04-20 14:50:59,178 - INFO - root - Student added successfully.
2024-04-20 14:51:32,889 - INFO - root - Table data loaded successfully.
2024-04-20 14:51:43,559 - INFO - root - Table data loaded successfully.
2024-04-20 14:51:43,559 - INFO - root - Student added successfully.
2024-04-20 14:53:17,285 - INFO - root - Table data loaded successfully.
2024-04-20 14:55:04,493 - INFO - root - Table data loaded successfully.
2024-04-20 14:55:26,557 - INFO - root - Table data loaded successfully.
2024-04-20 14:55:48,204 - INFO - root - Table data loaded successfully.
2024-04-20 14:56:22,679 - INFO - root - Table data loaded successfully.
2024-04-20 14:56:36,053 - INFO - root - Table data loaded successfully.
2024-04-20 14:57:09,273 - INFO - root - Table data loaded successfully.
2024-04-20 15:18:06,205 - INFO - root - Table data loaded successfully.
2024-04-20 15:19:11,902 - INFO - root - Table data loaded successfully.
2024-04-20 15:32:47,268 - INFO - root - Table data loaded successfully.
2024-04-20 15:33:32,308 - INFO - root - Table data loaded successfully.
2024-04-20 15:33:43,646 - INFO - root - Table data loaded successfully.
2024-04-20 15:51:59,977 - INFO - root - Table data loaded successfully.
2024-04-20 15:53:54,179 - INFO - root - Table data loaded successfully.
2024-04-20 16:03:52,441 - INFO - root - Table data loaded successfully.
2024-04-20 16:04:35,626 - INFO - root - Table data loaded successfully.
2024-04-20 16:09:06,190 - INFO - root - Table data loaded successfully.
2024-04-20 16:11:13,952 - INFO - root - Table data loaded successfully.
2024-04-20 16:11:22,222 - INFO - root - Student found and highlighted successfully.
2024-04-20 16:13:37,416 - INFO - root - Table data loaded successfully.
2024-04-20 16:13:47,008 - INFO - root - Student found and highlighted successfully.
2024-04-20 16:14:03,480 - INFO - root - Student found and highlighted successfully.
2024-04-20 16:14:34,443 - INFO - root - Table data loaded successfully.
2024-04-20 16:14:40,834 - INFO - root - Student found and highlighted successfully.
2024-04-20 16:15:26,828 - INFO - root - Table data loaded successfully.
2024-04-20 16:15:33,071 - INFO - root - Student found and highlighted successfully.
2024-04-20 16:16:02,411 - INFO - root - Table data loaded successfully.
2024-04-20 16:16:07,538 - INFO - root - Student found and highlighted successfully.
2024-04-20 16:34:06,580 - INFO - root - Table data loaded successfully.
2024-04-20 16:39:37,381 - INFO - root - Table data loaded successfully.
2024-04-20 17:07:22,867 - INFO - root - Table data loaded successfully.
2024-04-20 17:10:04,007 - INFO - root - Table data loaded successfully.
2024-04-20 17:10:30,287 - INFO - root - Table data loaded successfully.
2024-04-20 17:10:30,287 - INFO - root - Student record updated successfully.
2024-04-20 17:12:24,729 - INFO - root - Table data loaded successfully.
2024-04-20 17:12:48,701 - INFO - root - Table data loaded successfully.
2024-04-20 17:12:48,701 - INFO - root - Student record updated successfully.
2024-04-20 17:27:52,928 - INFO - root - Table data loaded successfully.
2024-04-20 17:28:26,947 - INFO - root - Update of student record canceled.
2024-04-20 17:29:01,189 - INFO - root - Table data loaded successfully.
2024-04-20 17:29:01,189 - INFO - root - Student record updated successfully.
2024-04-20 17:35:26,039 - INFO - root - Table data loaded successfully.
2024-04-20 17:35:51,404 - INFO - root - Table data loaded successfully.
2024-04-20 17:35:51,404 - INFO - root - Student record updated successfully.
2024-04-20 17:49:51,036 - INFO - root - Table data loaded successfully.
2024-04-20 18:10:02,410 - INFO - root - Table data loaded successfully.
2024-04-20 18:20:04,822 - INFO - root - Table data loaded successfully.
2024-04-20 18:37:15,958 - INFO - root - Table data loaded successfully.
2024-04-20 18:58:38,256 - INFO - root - Table data loaded successfully.
2024-04-20 19:00:37,034 - INFO - root - Table data loaded successfully.
2024-04-20 19:01:54,951 - INFO - root - Table data loaded successfully.
2024-04-20 19:03:17,666 - INFO - root - Table data loaded successfully.
2024-04-20 19:04:46,953 - INFO - root - Table data loaded successfully.
2024-04-20 19:05:18,502 - INFO - root - Table data loaded successfully.
2024-04-20 19:05:31,921 - INFO - root - Table data loaded successfully.
2024-04-20 19:05:46,822 - INFO - root - Table data loaded successfully.
2024-04-20 19:06:21,844 - INFO - root - Table data loaded successfully.
2024-04-20 19:08:49,664 - INFO - root - Table data loaded successfully.
2024-04-20 19:09:12,174 - INFO - root - Table data loaded successfully.
2024-04-20 19:11:25,057 - INFO - root - Table data loaded successfully.
2024-04-20 19:12:11,132 - INFO - root - Table data loaded successfully.
2024-04-20 19:12:50,421 - INFO - root - Table data loaded successfully.
2024-04-20 19:13:33,068 - INFO - root - Table data loaded successfully.
2024-04-20 19:15:12,234 - INFO - root - Table data loaded successfully.
2024-04-20 19:15:29,539 - INFO - root - Table data loaded successfully.
2024-04-20 19:15:29,539 - INFO - root - Student record deleted successfully.
2024-04-20 19:18:08,294 - INFO - root - Table data loaded successfully.
2024-04-20 19:30:43,044 - INFO - root - Table data loaded successfully.
2024-04-20 19:31:02,457 - INFO - root - Table data loaded successfully.
2024-04-20 19:44:38,543 - INFO - root - Table data loaded successfully.
2024-04-20 19:45:09,649 - INFO - root - Table data loaded successfully.
2024-04-20 19:46:13,063 - INFO - root - Table data loaded successfully.
2024-04-20 19:46:17,481 - INFO - root - Table data loaded successfully.
2024-04-20 19:46:21,017 - INFO - root - Student record for "Sara Hani" deleted successfully.
2024-04-20 19:51:02,905 - INFO - root - Table data loaded successfully.
2024-04-20 19:51:06,841 - INFO - root - Table data loaded successfully.
2024-04-20 19:51:10,233 - INFO - root - Student record for "Samir Abed" deleted successfully.
2024-04-20 19:51:26,686 - INFO - root - Table data loaded successfully.
2024-04-20 19:51:40,559 - INFO - root - Table data loaded successfully.
2024-04-20 19:51:49,514 - INFO - root - Student record for "Lola Haydar" deleted successfully.
2024-04-20 19:52:58,022 - INFO - root - Table data loaded successfully.
2024-04-20 19:53:04,006 - INFO - root - Table data loaded successfully.
2024-04-20 19:53:07,283 - INFO - root - Student record for "Sami Haydar" deleted successfully.
2024-04-20 20:01:51,697 - INFO - root - Table data loaded successfully.
2024-04-20 20:03:18,614 - INFO - root - Table data loaded successfully.
2024-04-20 20:03:38,410 - INFO - root - Table data loaded successfully.
2024-04-20 20:07:57,790 - INFO - root - Table data loaded successfully.
2024-04-20 20:08:48,712 - INFO - root - Table data loaded successfully.
2024-04-20 20:11:39,655 - INFO - root - Table data loaded successfully.
2024-04-20 20:13:20,305 - INFO - root - Table data loaded successfully.
2024-04-20 20:14:40,688 - INFO - root - Table data loaded successfully.
2024-04-20 20:17:09,034 - INFO - root - Table data loaded successfully.
2024-04-20 20:19:08,735 - INFO - root - Table data loaded successfully.
2024-04-20 20:20:51,027 - INFO - root - Table data loaded successfully.
2024-04-20 20:21:07,501 - INFO - root - Table data loaded successfully.
2024-04-20 20:26:08,840 - INFO - root - Table data loaded successfully.
2024-04-20 20:27:06,809 - INFO - root - Table data loaded successfully.
2024-04-20 20:27:43,670 - INFO - root - Table data loaded successfully.
2024-04-20 20:27:58,263 - INFO - root - Table data loaded successfully.
2024-04-20 20:29:47,603 - INFO - root - Table data loaded successfully.
2024-04-20 20:30:11,312 - INFO - root - Table data loaded successfully.
2024-04-20 20:30:24,525 - INFO - root - Table data loaded successfully.
2024-04-20 20:30:42,241 - INFO - root - Table data loaded successfully.
2024-04-20 20:45:23,287 - INFO - root - Table data loaded successfully.
2024-04-20 20:46:17,731 - INFO - root - Table data loaded successfully.
2024-04-20 21:20:48,102 - INFO - root - Table data loaded successfully.
2024-04-20 21:21:22,751 - INFO - root - Table data loaded successfully.
2024-04-20 21:22:09,455 - INFO - root - Table data loaded successfully.
2024-04-20 21:23:54,213 - INFO - root - Table data loaded successfully.
2024-04-20 21:29:11,239 - INFO - root - Table data loaded successfully.
2024-04-20 21:29:23,590 - INFO - root - Table data loaded successfully.
2024-04-20 21:29:25,986 - INFO - root - Student record for "Emad Saab" deleted successfully.
2024-04-20 21:29:28,446 - INFO - root - Table data loaded successfully.
2024-04-20 21:29:30,097 - INFO - root - Student record for "Lama Daou" deleted successfully.
2024-04-20 21:29:48,572 - INFO - root - Table data loaded successfully.
2024-04-20 21:29:50,829 - INFO - root - Student record for "John Smith" updated successfully.
2024-04-20 21:30:06,213 - INFO - root - Table data loaded successfully.
2024-04-20 21:30:07,253 - INFO - root - Student record for "Asha Patel" updated successfully.
2024-04-20 21:30:17,961 - INFO - root - Table data loaded successfully.
2024-04-20 21:30:18,848 - INFO - root - Student record for "Lokesh Rana" updated successfully.
2024-04-20 21:30:35,793 - INFO - root - Table data loaded successfully.
2024-04-20 21:30:36,766 - INFO - root - Student record for "Andy Johnson" updated successfully.
2024-04-20 21:30:59,980 - INFO - root - Table data loaded successfully.
2024-04-20 21:31:00,810 - INFO - root - Student record for "Kasia Popescu" updated successfully.
2024-04-20 21:31:17,175 - INFO - root - Table data loaded successfully.
2024-04-20 21:31:18,361 - INFO - root - Student record for "Paula Zephyr" updated successfully.
2024-04-20 21:31:56,439 - INFO - root - Table data loaded successfully.
2024-04-20 21:31:57,200 - INFO - root - Student record for "Emad" deleted successfully.
2024-04-20 21:32:38,517 - INFO - root - Table data loaded successfully.
2024-04-20 21:32:39,582 - INFO - root - Student record for "Lora Mhanna" deleted successfully.
2024-04-20 21:33:03,714 - INFO - root - Table data loaded successfully.
2024-04-20 21:33:05,704 - INFO - root - Student record for "Sara Hani" added successfully.
2024-04-20 21:33:36,498 - INFO - root - Table data loaded successfully.
2024-04-20 21:33:37,283 - INFO - root - Student record for "Lora Mhanna" added successfully.
2024-04-20 21:34:57,615 - INFO - root - Table data loaded successfully.
2024-04-20 21:35:13,662 - INFO - root - Table data loaded successfully.
2024-04-20 21:35:29,663 - INFO - root - Table data loaded successfully.
2024-04-20 21:35:37,915 - INFO - root - Table data loaded successfully.
2024-04-20 21:35:50,366 - INFO - root - Table data loaded successfully.
2024-04-21 16:38:34,985 - ERROR - root - Error loading table data: no such table: students
2024-04-21 16:42:04,555 - INFO - root - Table data loaded successfully.
2024-04-21 16:42:35,104 - INFO - root - Table data loaded successfully.
2024-04-21 16:42:37,124 - INFO - root - Student record for "Samiolla Wehbe" added successfully.
2024-04-21 16:43:10,736 - INFO - root - Table data loaded successfully.
2024-04-21 16:43:13,243 - INFO - root - Student record for "Samiolla Wehbewetwe" updated successfully.
2024-04-21 16:43:20,891 - INFO - root - Table data loaded successfully.
2024-04-21 16:43:22,662 - INFO - root - Student record for "Samiolla Wehbewetwe" deleted successfully.
